# JRE version: Java(TM) SE Runtime Environment (8.0_45-b14) (build 1.8.0_45-b14)
# Java VM: Java HotSpot(TM) 64-Bit Server VM (25.45-b02 mixed mode linux-amd64 compressed oops)
Heap:
 PSYoungGen      total 147968K, used 147872K [0x00000000d6f00000, 0x00000000f2380000, 0x0000000100000000)
  eden space 143360K, 100% used [0x00000000d6f00000,0x00000000dfb00000,0x00000000dfb00000)
  from space 4608K, 97% used [0x00000000f1f00000,0x00000000f2368000,0x00000000f2380000)
  to   space 8704K, 0% used [0x00000000f1280000,0x00000000f1280000,0x00000000f1b00000)
 ParOldGen       total 96768K, used 64817K [0x0000000084c00000, 0x000000008aa80000, 0x00000000d6f00000)
  object space 96768K, 66% used [0x0000000084c00000,0x0000000088b4c498,0x000000008aa80000)
 Metaspace       used 18831K, capacity 19064K, committed 19200K, reserved 1067008K
  class space    used 2174K, capacity 2252K, committed 2304K, reserved 1048576K
GC Heap History (10 events):
Event: 80.989 GC heap before
{Heap before GC invocations=73 (full 1):
 PSYoungGen      total 148992K, used 148607K [0x00000000d6f00000, 0x00000000f3600000, 0x0000000100000000)
  eden space 142848K, 100% used [0x00000000d6f00000,0x00000000dfa80000,0x00000000dfa80000)
  from space 6144K, 93% used [0x00000000f2700000,0x00000000f2c9fe40,0x00000000f2d00000)
  to   space 8704K, 0% used [0x00000000f2d80000,0x00000000f2d80000,0x00000000f3600000)
 ParOldGen       total 96768K, used 64665K [0x0000000084c00000, 0x000000008aa80000, 0x00000000d6f00000)
  object space 96768K, 66% used [0x0000000084c00000,0x0000000088b26498,0x000000008aa80000)
 Metaspace       used 18694K, capacity 19000K, committed 19200K, reserved 1067008K
  class space    used 2163K, capacity 2252K, committed 2304K, reserved 1048576K
Event: 80.991 GC heap after
Heap after GC invocations=73 (full 1):
 PSYoungGen      total 142336K, used 4623K [0x00000000d6f00000, 0x00000000f3280000, 0x0000000100000000)
  eden space 137216K, 0% used [0x00000000d6f00000,0x00000000d6f00000,0x00000000df500000)
  from space 5120K, 90% used [0x00000000f2d80000,0x00000000f3203ca0,0x00000000f3280000)
  to   space 8704K, 0% used [0x00000000f2180000,0x00000000f2180000,0x00000000f2a00000)
 ParOldGen       total 96768K, used 64713K [0x0000000084c00000, 0x000000008aa80000, 0x00000000d6f00000)
  object space 96768K, 66% used [0x0000000084c00000,0x0000000088b32498,0x000000008aa80000)
 Metaspace       used 18694K, capacity 19000K, committed 19200K, reserved 1067008K
  class space    used 2163K, capacity 2252K, committed 2304K, reserved 1048576K
}
Event: 81.582 GC heap before
{Heap before GC invocations=74 (full 1):
 PSYoungGen      total 142336K, used 140876K [0x00000000d6f00000, 0x00000000f3280000, 0x0000000100000000)
  eden space 137216K, 99% used [0x00000000d6f00000,0x00000000df40f4c8,0x00000000df500000)
  from space 5120K, 90% used [0x00000000f2d80000,0x00000000f3203ca0,0x00000000f3280000)
  to   space 8704K, 0% used [0x00000000f2180000,0x00000000f2180000,0x00000000f2a00000)
 ParOldGen       total 96768K, used 64713K [0x0000000084c00000, 0x000000008aa80000, 0x00000000d6f00000)
  object space 96768K, 66% used [0x0000000084c00000,0x0000000088b32498,0x000000008aa80000)
 Metaspace       used 18696K, capacity 19000K, committed 19200K, reserved 1067008K
  class space    used 2163K, capacity 2252K, committed 2304K, reserved 1048576K
Event: 81.585 GC heap after
Heap after GC invocations=74 (full 1):
 PSYoungGen      total 138240K, used 5759K [0x00000000d6f00000, 0x00000000f2e00000, 0x0000000100000000)
  eden space 132096K, 0% used [0x00000000d6f00000,0x00000000d6f00000,0x00000000df000000)
  from space 6144K, 93% used [0x00000000f2180000,0x00000000f271fe40,0x00000000f2780000)
  to   space 6656K, 0% used [0x00000000f2780000,0x00000000f2780000,0x00000000f2e00000)
 ParOldGen       total 96768K, used 64737K [0x0000000084c00000, 0x000000008aa80000, 0x00000000d6f00000)
  object space 96768K, 66% used [0x0000000084c00000,0x0000000088b38498,0x000000008aa80000)
 Metaspace       used 18696K, capacity 19000K, committed 19200K, reserved 1067008K
  class space    used 2163K, capacity 2252K, committed 2304K, reserved 1048576K
}
Event: 82.554 GC heap before
{Heap before GC invocations=75 (full 1):
 PSYoungGen      total 138240K, used 137855K [0x00000000d6f00000, 0x00000000f2e00000, 0x0000000100000000)
  eden space 132096K, 100% used [0x00000000d6f00000,0x00000000df000000,0x00000000df000000)
  from space 6144K, 93% used [0x00000000f2180000,0x00000000f271fe40,0x00000000f2780000)
  to   space 6656K, 0% used [0x00000000f2780000,0x00000000f2780000,0x00000000f2e00000)
 ParOldGen       total 96768K, used 64737K [0x0000000084c00000, 0x000000008aa80000, 0x00000000d6f00000)
  object space 96768K, 66% used [0x0000000084c00000,0x0000000088b38498,0x000000008aa80000)
 Metaspace       used 18705K, capacity 19000K, committed 19200K, reserved 1067008K
  class space    used 2163K, capacity 2252K, committed 2304K, reserved 1048576K
Event: 82.556 GC heap after
Heap after GC invocations=75 (full 1):
 PSYoungGen      total 127488K, used 480K [0x00000000d6f00000, 0x00000000f2800000, 0x0000000100000000)
  eden space 126976K, 0% used [0x00000000d6f00000,0x00000000d6f00000,0x00000000deb00000)
  from space 512K, 93% used [0x00000000f2780000,0x00000000f27f8000,0x00000000f2800000)
  to   space 9216K, 0% used [0x00000000f1600000,0x00000000f1600000,0x00000000f1f00000)
 ParOldGen       total 96768K, used 64769K [0x0000000084c00000, 0x000000008aa80000, 0x00000000d6f00000)
  object space 96768K, 66% used [0x0000000084c00000,0x0000000088b40498,0x000000008aa80000)
 Metaspace       used 18705K, capacity 19000K, committed 19200K, reserved 1067008K
  class space    used 2163K, capacity 2252K, committed 2304K, reserved 1048576K
}
Event: 82.662 GC heap before
{Heap before GC invocations=76 (full 1):
 PSYoungGen      total 127488K, used 127106K [0x00000000d6f00000, 0x00000000f2800000, 0x0000000100000000)
  eden space 126976K, 99% used [0x00000000d6f00000,0x00000000deaa8918,0x00000000deb00000)
  from space 512K, 93% used [0x00000000f2780000,0x00000000f27f8000,0x00000000f2800000)
  to   space 9216K, 0% used [0x00000000f1600000,0x00000000f1600000,0x00000000f1f00000)
 ParOldGen       total 96768K, used 64769K [0x0000000084c00000, 0x000000008aa80000, 0x00000000d6f00000)
  object space 96768K, 66% used [0x0000000084c00000,0x0000000088b40498,0x000000008aa80000)
 Metaspace       used 18705K, capacity 19000K, committed 19200K, reserved 1067008K
  class space    used 2163K, capacity 2252K, committed 2304K, reserved 1048576K
Event: 82.665 GC heap after
Heap after GC invocations=76 (full 1):
 PSYoungGen      total 158720K, used 5759K [0x00000000d6f00000, 0x00000000f2800000, 0x0000000100000000)
  eden space 149504K, 0% used [0x00000000d6f00000,0x00000000d6f00000,0x00000000e0100000)
  from space 9216K, 62% used [0x00000000f1600000,0x00000000f1b9fe40,0x00000000f1f00000)
  to   space 9216K, 0% used [0x00000000f1f00000,0x00000000f1f00000,0x00000000f2800000)
 ParOldGen       total 96768K, used 64793K [0x0000000084c00000, 0x000000008aa80000, 0x00000000d6f00000)
  object space 96768K, 66% used [0x0000000084c00000,0x0000000088b46498,0x000000008aa80000)
 Metaspace       used 18705K, capacity 19000K, committed 19200K, reserved 1067008K
  class space    used 2163K, capacity 2252K, committed 2304K, reserved 1048576K
}
Event: 83.696 GC heap before
{Heap before GC invocations=77 (full 1):
 PSYoungGen      total 158720K, used 155263K [0x00000000d6f00000, 0x00000000f2800000, 0x0000000100000000)
  eden space 149504K, 100% used [0x00000000d6f00000,0x00000000e0100000,0x00000000e0100000)
  from space 9216K, 62% used [0x00000000f1600000,0x00000000f1b9fe40,0x00000000f1f00000)
  to   space 9216K, 0% used [0x00000000f1f00000,0x00000000f1f00000,0x00000000f2800000)
 ParOldGen       total 96768K, used 64793K [0x0000000084c00000, 0x000000008aa80000, 0x00000000d6f00000)
  object space 96768K, 66% used [0x0000000084c00000,0x0000000088b46498,0x000000008aa80000)
 Metaspace       used 18706K, capacity 19000K, committed 19200K, reserved 1067008K
  class space    used 2163K, capacity 2252K, committed 2304K, reserved 1048576K
Event: 83.699 GC heap after
Heap after GC invocations=77 (full 1):
 PSYoungGen      total 147968K, used 4512K [0x00000000d6f00000, 0x00000000f2380000, 0x0000000100000000)
  eden space 143360K, 0% used [0x00000000d6f00000,0x00000000d6f00000,0x00000000dfb00000)
  from space 4608K, 97% used [0x00000000f1f00000,0x00000000f2368000,0x00000000f2380000)
  to   space 8704K, 0% used [0x00000000f1280000,0x00000000f1280000,0x00000000f1b00000)
 ParOldGen       total 96768K, used 64817K [0x0000000084c00000, 0x000000008aa80000, 0x00000000d6f00000)
  object space 96768K, 66% used [0x0000000084c00000,0x0000000088b4c498,0x000000008aa80000)
 Metaspace       used 18706K, capacity 19000K, committed 19200K, reserved 1067008K
  class space    used 2163K, capacity 2252K, committed 2304K, reserved 1048576K
}

